Using SSH key ssh-rsa 4096 02:9e:ec:c6:bd:cd:92:8b:bc:da:78:9b:63:69:0f:23
Using SSH key ssh-rsa 4096 02:9e:ec:c6:bd:cd:92:8b:bc:da:78:9b:63:69:0f:23 (2)
Using SSH key ssh-rsa 4096 02:9e:ec:c6:bd:cd:92:8b:bc:da:78:9b:63:69:0f:23 (3)
Using SSH key ssh-rsa 4096 02:9e:ec:c6:bd:cd:92:8b:bc:da:78:9b:63:69:0f:23 (4)
Using SSH key ssh-rsa 4096 b9:47:36:d2:9c:57:85:bb:bd:18:98:7b:eb:a6:21:22
Using SSH key ssh-rsa 4096 b9:47:36:d2:9c:57:85:bb:bd:18:98:7b:eb:a6:21:22 (2)
Using SSH key ssh-rsa 4096 b9:47:36:d2:9c:57:85:bb:bd:18:98:7b:eb:a6:21:22 (3)
Using SSH key ssh-rsa 4096 b9:47:36:d2:9c:57:85:bb:bd:18:98:7b:eb:a6:21:22 (4)
Using SSH key ssh-rsa 4096 05:4a:f5:34:1c:b9:4b:52:ec:2c:8b:76:4b:77:48:e9
Using SSH key ssh-rsa 4096 05:4a:f5:34:1c:b9:4b:52:ec:2c:8b:76:4b:77:48:e9 (2)
Using SSH key ssh-rsa 4096 05:4a:f5:34:1c:b9:4b:52:ec:2c:8b:76:4b:77:48:e9 (3)
Using SSH key ssh-rsa 4096 05:4a:f5:34:1c:b9:4b:52:ec:2c:8b:76:4b:77:48:e9 (4)
Using SSH key ssh-rsa 4096 82:2d:08:6f:06:a1:d5:27:94:ae:a8:f3:b4:82:e2:a1
Using SSH key ssh-rsa 4096 82:2d:08:6f:06:a1:d5:27:94:ae:a8:f3:b4:82:e2:a1 (2)
Using SSH key ssh-rsa 4096 82:2d:08:6f:06:a1:d5:27:94:ae:a8:f3:b4:82:e2:a1 (3)
Using SSH key ssh-rsa 4096 82:2d:08:6f:06:a1:d5:27:94:ae:a8:f3:b4:82:e2:a1 (4)
Using SSH key ssh-rsa 4096 19:d5:cc:9b:10:af:8c:18:36:d9:af:ec:3c:76:ab:fb
Using SSH key ssh-rsa 4096 19:d5:cc:9b:10:af:8c:18:36:d9:af:ec:3c:76:ab:fb (2)
Using SSH key ssh-rsa 4096 19:d5:cc:9b:10:af:8c:18:36:d9:af:ec:3c:76:ab:fb (3)
Using SSH key ssh-rsa 4096 19:d5:cc:9b:10:af:8c:18:36:d9:af:ec:3c:76:ab:fb (4)
Using SSH key ssh-rsa 4096 11:4f:2a:07:39:cd:b1:27:78:1c:8d:8b:03:6c:29:5b
Using SSH key ssh-rsa 4096 11:4f:2a:07:39:cd:b1:27:78:1c:8d:8b:03:6c:29:5b (2)
Using SSH key ssh-rsa 4096 11:4f:2a:07:39:cd:b1:27:78:1c:8d:8b:03:6c:29:5b (3)
Using SSH key ssh-rsa 4096 11:4f:2a:07:39:cd:b1:27:78:1c:8d:8b:03:6c:29:5b (4)
Using SSH key ssh-rsa 4096 e6:c5:b7:0a:21:0e:a0:fa:45:96:69:c9:64:31:f1:3c
Using SSH key ssh-rsa 4096 e6:c5:b7:0a:21:0e:a0:fa:45:96:69:c9:64:31:f1:3c (2)
Using SSH key ssh-rsa 4096 e6:c5:b7:0a:21:0e:a0:fa:45:96:69:c9:64:31:f1:3c (3)
Using SSH key ssh-rsa 4096 e6:c5:b7:0a:21:0e:a0:fa:45:96:69:c9:64:31:f1:3c (4)
No more authentication methods.
The operation couldn’t be completed. (Git error -7.)
Interpreting last error as: SSH connection rejected. Make sure SSH key is valid on bitbucket.org.
