8080: Using SSH key ssh-rsa 4096 7a:68:af:25:1f:41:df:3d:e8:a4:ff:45:1f:75:5f:02

-Get-Queens-1: Using SSH key ssh-rsa 4096 7a:68:af:25:1f:41:df:3d:e8:a4:ff:45:1f:75:5f:02

-AMB-RI-EL-: Using SSH key ssh-rsa 4096 7a:68:af:25:1f:41:df:3d:e8:a4:ff:45:1f:75:5f:02

.git-2-mirror: Fetch received nothing.

-Get-Queens-1: Fetch received nothing.

-AMB-RI-EL-: Fetch received nothing.

Alexa-LED-Animation-Files-for-AVS: Using SSH key ssh-rsa 4096 7a:68:af:25:1f:41:df:3d:e8:a4:ff:45:1f:75:5f:02

Alexa-LED-Animation-Files-for-AVS-2: Using SSH key ssh-rsa 4096 7a:68:af:25:1f:41:df:3d:e8:a4:ff:45:1f:75:5f:02

-Get-Queens: Using SSH key ssh-rsa 4096 7a:68:af:25:1f:41:df:3d:e8:a4:ff:45:1f:75:5f:02

aledlexa-led-animation-files: Fetch received nothing.

bitbucket: Using SSH key ssh-rsa 4096 7a:68:af:25:1f:41:df:3d:e8:a4:ff:45:1f:75:5f:02

aledlexa-led-animation-files-2: Using SSH key ssh-rsa 4096 7a:68:af:25:1f:41:df:3d:e8:a4:ff:45:1f:75:5f:02

-Get-Queens: Using SSH key ssh-rsa 4096 7a:68:af:25:1f:41:df:3d:e8:a4:ff:45:1f:75:5f:02 (2)

-Get-Queens: Using SSH key ssh-rsa 4096 7a:68:af:25:1f:41:df:3d:e8:a4:ff:45:1f:75:5f:02 (3)

-Get-Queens: Using SSH key ssh-rsa 4096 7a:68:af:25:1f:41:df:3d:e8:a4:ff:45:1f:75:5f:02 (4)

azure-repos-vscode-clones-: Using SSH key ssh-rsa 4096 7a:68:af:25:1f:41:df:3d:e8:a4:ff:45:1f:75:5f:02

Alexa-LED-Animation-Files-for-AVS-3: Using SSH key ssh-rsa 4096 7a:68:af:25:1f:41:df:3d:e8:a4:ff:45:1f:75:5f:02

Alexa-LED-Animation-Files-for-AVS: Fetch received nothing.

Alexa-LED-Animation-Files-for-AVS-2: Fetch received nothing.

-Get-Queens: No more authentication methods.

The operation couldn’t be completed. (Git error -7.)
Interpreting last error as: SSH connection rejected. Make sure SSH key is valid on bitbucket.org.
debug: Using SSH key ssh-rsa 4096 7a:68:af:25:1f:41:df:3d:e8:a4:ff:45:1f:75:5f:02

aledlexa-led-animation-files-2: Fetch received nothing.

bitbucket: Fetch received nothing.

Downloads: Using SSH key ssh-rsa 4096 7a:68:af:25:1f:41:df:3d:e8:a4:ff:45:1f:75:5f:02

azure-repos-vscode-clones-: Fetch received nothing.

Alexa-LED-Animation-Files-for-AVS-3: Fetch received nothing.

azure-repos-vscode-clones--2: Using SSH key ssh-rsa 4096 7a:68:af:25:1f:41:df:3d:e8:a4:ff:45:1f:75:5f:02

bootstrap: Using SSH key ssh-rsa 4096 7a:68:af:25:1f:41:df:3d:e8:a4:ff:45:1f:75:5f:02

bootstrap: Using SSH key ssh-rsa 4096 7a:68:af:25:1f:41:df:3d:e8:a4:ff:45:1f:75:5f:02 (2)

reference 'refs/heads/master' not found
bootstrap: Using SSH key ssh-rsa 4096 7a:68:af:25:1f:41:df:3d:e8:a4:ff:45:1f:75:5f:02 (3)

azure-repos-vscode-clones--2: Fetch received nothing.

bootstrap: Using SSH key ssh-rsa 4096 7a:68:af:25:1f:41:df:3d:e8:a4:ff:45:1f:75:5f:02 (4)

Downloads: Fetch received nothing.

bootstrap: No more authentication methods.

The operation couldn’t be completed. (Git error -7.)
Interpreting last error as: SSH connection rejected. Make sure SSH key is valid on bitbucket.org.
get-queens-2-2: Fetch received nothing.

fire: Fetch received nothing.

community: Fetch received nothing.

debug: Using SSH key ssh-rsa 4096 7a:68:af:25:1f:41:df:3d:e8:a4:ff:45:1f:75:5f:02 (2)

GCDWebServer: Using SSH key ssh-rsa 4096 7a:68:af:25:1f:41:df:3d:e8:a4:ff:45:1f:75:5f:02

get-queens-2: Using SSH key ssh-rsa 4096 7a:68:af:25:1f:41:df:3d:e8:a4:ff:45:1f:75:5f:02

prettier: Using SSH key ssh-rsa 4096 7a:68:af:25:1f:41:df:3d:e8:a4:ff:45:1f:75:5f:02

mslearn-build-a-web-app-with-mean-on-a-linux-vm: Using SSH key ssh-rsa 4096 7a:68:af:25:1f:41:df:3d:e8:a4:ff:45:1f:75:5f:02

magic-spells: Fetch received nothing.

excalidraw: Enumerating objects: 11, done.

excalidraw: Counting objects:   9% (1/11)
excalidraw: Counting objects:  18% (2/11)
excalidraw: Enumerating objects: 11, done.

excalidraw: Counting objects:  27% (3/11)
excalidraw: Counting objects:  36% (4/11)
excalidraw: Counting objects:  45% (5/11)
excalidraw: Counting objects:  54% (6/11)
excalidraw: Counting objects:  63% (7/11)
excalidraw: Counting objects:  72% (8/11)
excalidraw: Counting objects:  81% (9/11)
excalidraw: Counting objects:  90% (10/11)Counting objects: 100% (11/11)
excalidraw: Counting objects: 100% (11/11), done.

excalidraw: Compressing objects:  16% (1/6)
excalidraw: Counting objects:   9% (1/11)
excalidraw: Compressing objects:  33% (2/6)
excalidraw: Compressing objects:  50% (3/6)
excalidraw: Compressing objects:  66% (4/6)
excalidraw: Compressing objects:  83% (5/6)
excalidraw: Compressing objects: 100% (6/6)
excalidraw: Counting objects:  18% (2/11)
excalidraw: Compressing objects: 100% (6/6), done.

excalidraw: Counting objects:  27% (3/11)
excalidraw: Counting objects:  36% (4/11)
excalidraw: Counting objects:  45% (5/11)
excalidraw: Counting objects:  54% (6/11)
excalidraw: Counting objects:  63% (7/11)
excalidraw: Total 6 (delta 5), reused 0 (delta 0), pack-reused 0

excalidraw: Counting objects:  72% (8/11)
excalidraw: Counting objects:  81% (9/11)
excalidraw: Counting objects:  90% (10/11)Counting objects: 100% (11/11)
excalidraw: Counting objects: 100% (11/11), done.

excalidraw: Compressing objects:  16% (1/6)
excalidraw: Compressing objects:  33% (2/6)
excalidraw: Compressing objects:  50% (3/6)
excalidraw: Compressing objects:  66% (4/6)
excalidraw: Compressing objects:  83% (5/6)
excalidraw: Compressing objects: 100% (6/6)
excalidraw: Compressing objects: 100% (6/6), done.

excalidraw: Total 6 (delta 5), reused 0 (delta 0), pack-reused 0

excalidraw: Fetched changes to src/locales/ko.json and src/locales/fr.json on origin/master.

prettier: Fetch received nothing.

webdaw: Fetch received nothing.

ServiceWorker-b8573c6d93642c47ad9984ba6c5388089a0b5313: Using SSH key ssh-rsa 4096 7a:68:af:25:1f:41:df:3d:e8:a4:ff:45:1f:75:5f:02

get-queens: Using SSH key ssh-rsa 4096 7a:68:af:25:1f:41:df:3d:e8:a4:ff:45:1f:75:5f:02

get-queens-2: Using SSH key ssh-rsa 4096 7a:68:af:25:1f:41:df:3d:e8:a4:ff:45:1f:75:5f:02

starsfield: Doing password authentication for ESA-Security-Group

ServiceWorker-b8573c6d93642c47ad9984ba6c5388089a0b5313: Fetch received nothing.

get-queens: Fetch received nothing.

reference 'refs/heads/master' not found
starsfield: Doing password authentication for ESA-Security-Group (2. time)

starsfield: Doing password authentication for ESA-Security-Group (3. time)

GCDWebServer: Fetch received nothing.

vscode-powertools: Using SSH key ssh-rsa 4096 7a:68:af:25:1f:41:df:3d:e8:a4:ff:45:1f:75:5f:02

starsfield: Doing password authentication for ESA-Security-Group (4. time)

debug: Using SSH key ssh-rsa 4096 7a:68:af:25:1f:41:df:3d:e8:a4:ff:45:1f:75:5f:02 (3)

vscode-powertools: Fetch received nothing.

user rejected certificate for github.com
Interpreting last error as: No way to authenticate with github.com
mslearn-build-a-web-app-with-mean-on-a-linux-vm: Fetch received nothing.

reference 'refs/heads/master' not found
get-queens-2: Fetch received nothing.

debug: Using SSH key ssh-rsa 4096 7a:68:af:25:1f:41:df:3d:e8:a4:ff:45:1f:75:5f:02 (4)

reference 'refs/heads/master' not found
debug: No more authentication methods.

The operation couldn’t be completed. (Git error -7.)
Interpreting last error as: SSH connection rejected. Make sure SSH key is valid on gitlab.com.
